2023-08-06 08:29:31.648749 - Initialized conversion of CBT926
2023-08-06 08:29:31.817654 - Received SBGOLOB.CBT506.FILE926 from FILE926.XMI 
2023-08-06 08:29:31.820038 - Found $$$#DATE.txt (text/plain) in SBGOLOB.CBT506.FILE926, moved to FILE926/$$$#DATE
2023-08-06 08:29:31.821218 - Found @FILE926.txt (text/plain) in SBGOLOB.CBT506.FILE926, moved to FILE926/@FILE926
2023-08-06 08:29:31.822138 - Found AMORT.txt (text/plain) in SBGOLOB.CBT506.FILE926, moved to FILE926/AMORT
2023-08-06 08:29:31.823117 - Found AMORTHLP.txt (text/plain) in SBGOLOB.CBT506.FILE926, moved to FILE926/AMORTHLP
2023-08-06 08:29:31.824203 - Found AMORTJ1.jcl (text/plain) in SBGOLOB.CBT506.FILE926, moved to FILE926/AMORTJ1
2023-08-06 08:29:31.825070 - Found AMORTJ2.jcl (text/plain) in SBGOLOB.CBT506.FILE926, moved to FILE926/AMORTJ2
2023-08-06 08:29:31.826108 - Found AMORTJ3.jcl (text/plain) in SBGOLOB.CBT506.FILE926, moved to FILE926/AMORTJ3
2023-08-06 08:29:31.826995 - Found AMORTK3.jcl (text/plain) in SBGOLOB.CBT506.FILE926, moved to FILE926/AMORTK3
2023-08-06 08:29:31.827821 - Found AMORTK4.jcl (text/plain) in SBGOLOB.CBT506.FILE926, moved to FILE926/AMORTK4
2023-08-06 08:29:31.828759 - Found AMORTOLD.txt (text/plain) in SBGOLOB.CBT506.FILE926, moved to FILE926/AMORTOLD
2023-08-06 08:29:31.829622 - Found CX006B.jcl (text/plain) in SBGOLOB.CBT506.FILE926, moved to FILE926/CX006B
2023-08-06 08:29:31.830443 - Found CX006P.txt (text/plain) in SBGOLOB.CBT506.FILE926, moved to FILE926/CX006P
2023-08-06 08:29:31.831264 - Found IGYWCL.jcl (text/plain) in SBGOLOB.CBT506.FILE926, moved to FILE926/IGYWCL
2023-08-06 08:29:31.832162 - Found IGYWCL51.jcl (text/plain) in SBGOLOB.CBT506.FILE926, moved to FILE926/IGYWCL51
2023-08-06 08:29:31.833229 - Found IGYWCL52.jcl (text/plain) in SBGOLOB.CBT506.FILE926, moved to FILE926/IGYWCL52
2023-08-06 08:29:31.834080 - Found IGYWCL61.jcl (text/plain) in SBGOLOB.CBT506.FILE926, moved to FILE926/IGYWCL61
2023-08-06 08:29:31.834895 - Found IGYWCL62.jcl (text/plain) in SBGOLOB.CBT506.FILE926, moved to FILE926/IGYWCL62
2023-08-06 08:29:31.835687 - Found IGYWCL63.jcl (text/plain) in SBGOLOB.CBT506.FILE926, moved to FILE926/IGYWCL63
2023-08-06 08:29:31.836542 - Found IGYWCL64.jcl (text/plain) in SBGOLOB.CBT506.FILE926, moved to FILE926/IGYWCL64
2023-08-06 08:29:31.846939 - Found LOADLIB.xmi (application/xmit) in SBGOLOB.CBT506.FILE926
2023-08-06 08:29:31.855140   - Received RECFM=U data, stored XMIT file as CBT926/LOADLIB.xmi
2023-08-06 08:29:31.863966 - Found LOADPD51.xmi (application/xmit) in SBGOLOB.CBT506.FILE926
2023-08-06 08:29:31.869543   - Received RECFM=U data, stored XMIT file as CBT926/LOADPD51.xmi
2023-08-06 08:29:31.878170 - Found LOADPD52.xmi (application/xmit) in SBGOLOB.CBT506.FILE926
2023-08-06 08:29:31.884044   - Received RECFM=U data, stored XMIT file as CBT926/LOADPD52.xmi
2023-08-06 08:29:31.893109 - Found LOADPD61.xmi (application/xmit) in SBGOLOB.CBT506.FILE926
2023-08-06 08:29:31.898844   - Received RECFM=U data, stored XMIT file as CBT926/LOADPD61.xmi
2023-08-06 08:29:31.907489 - Found LOADPD62.xmi (application/xmit) in SBGOLOB.CBT506.FILE926
2023-08-06 08:29:31.913294   - Received RECFM=U data, stored XMIT file as CBT926/LOADPD62.xmi
2023-08-06 08:29:31.922173 - Found LOADPD63.xmi (application/xmit) in SBGOLOB.CBT506.FILE926
2023-08-06 08:29:31.928003   - Received RECFM=U data, stored XMIT file as CBT926/LOADPD63.xmi
2023-08-06 08:29:31.938692 - Found LOADPD64.xmi (application/xmit) in SBGOLOB.CBT506.FILE926
2023-08-06 08:29:31.944316   - Received RECFM=U data, stored XMIT file as CBT926/LOADPD64.xmi
